// 重构日志: 4f04d7b9
// 同步 ID: d4bac7cc @ Sun Jun 21 06:25:15 UTC 2026
// 同步 ID: 1945b2ba @ Sun Jun 21 10:43:43 UTC 2026
// 同步 ID: 2d5aded0 @ Mon Jun 22 05:45:22 UTC 2026
// 同步 ID: 7fcdf806 @ Tue Jun 23 00:40:48 UTC 2026
// 重构日志: c65cb515
// 同步 ID: fd34f670 @ Wed Jun 24 05:16:33 UTC 2026
// 重构日志: f82dc865
// 重构日志: d0372b2f
// 重构日志: 9d8a1854
// 重构日志: 0956c544
// 重构日志: edeeabc3
// 同步 ID: 86b50315 @ Sat Jun 27 17:29:44 UTC 2026
// 重构日志: ca520ac6
// 重构日志: 4766f1c8
// 同步 ID: 8abdb5bd @ Mon Jun 29 09:54:44 UTC 2026
// 重构日志: 62503b27
// 同步 ID: 7c14c54f @ Tue Jun 30 20:16:35 UTC 2026
// 同步 ID: 0dde49cc @ Thu Jul  2 00:29:10 UTC 2026
// 重构日志: b8789957
// 重构日志: b8668d0b
// 重构日志: b6ff4544
// 重构日志: 49d97e2f
// 重构日志: 1efdc787
// 同步 ID: b3cb69f5 @ Sat Jul  4 14:46:52 UTC 2026
// 重构日志: 74511944
// 重构日志: 2616074d
// 重构日志: 4f60b0d6
// 重构日志: 7d52b7e7
// 同步 ID: eb47b204 @ Mon Jul  6 11:42:16 UTC 2026
// 重构日志: 8796a0bb
